<?xml version="1.0" encoding="UTF-8" ?>
<testsuite errors="0" failures="0" hostname="user-1ccc6960" name="ParcoursTest" tests="1" time="0.063" timestamp="2012-04-26T19:32:56">
  <properties>
    <property name="netbeans.autoupdate.country" value="US" />
    <property name="profiler.settings.sort.results.by.thread.cpu.time" value="false" />
    <property name="profiler.info.single.file" value="C:\Documents and Settings\User\My Documents\NetBeansProjects\MetroGenie\test\ParcoursTest.java" />
    <property name="javac.test.classpath" value=":build/classes:C:\Program Files\NetBeans 7.1\platform\modules\ext\junit-4.10.jar" />
    <property name="profiler.settings.profiling.type" value="64" />
    <property name="libs.junit.javadoc" value="C:\Program Files\NetBeans 7.1\java\docs\junit-3.8.2-api.zip" />
    <property name="profiler.settings.cpu.quick.filterprofiler.simple.filter.value" value="" />
    <property name="javac.includes" value="ParcoursTest.java" />
    <property name="ant.core.lib" value="C:\Program Files\NetBeans 7.1\java\ant\lib\ant.jar" />
    <property name="javadoc.windowtitle" value="" />
    <property name="libs.toplink.classpath" value="C:\Program Files\NetBeans 7.1\java\modules\ext\toplink\toplink-essentials.jar;C:\Program Files\NetBeans 7.1\java\modules\ext\toplink\toplink-essentials-agent.jar" />
    <property name="user.dir" value="C:\Documents and Settings\User\My Documents\NetBeansProjects\MetroGenie" />
    <property name="libs.hibernate-persistence.javadoc" value="" />
    <property name="java.vm.version" value="22.1-b02" />
    <property name="profiler.settings.sampling.interval" value="10" />
    <property name="profiler.session.port.no" value="5140" />
    <property name="libs.MySQLDriver.classpath" value="C:\Program Files\NetBeans 7.1\ide\modules\ext\mysql-connector-java-5.1.13-bin.jar" />
    <property name="libs.eclipselinkmodelgen.src" value="" />
    <property name="javadoc.notree" value="false" />
    <property name="netbeans.autoupdate.version" value="1.23" />
    <property name="libs.hibernate-support.maven-pom" value="" />
    <property name="libs.hibernate-support.javadoc" value="" />
    <property name="jdk.home" value="C:\Program Files\Java\jdk1.7.0_03" />
    <property name="libs.javac-api.src" value="" />
    <property name="javadoc.noindex" value="false" />
    <property name="sun.os.patch.level" value="Service Pack 3" />
    <property name="do.archive+manifest.available" value="true" />
    <property name="profiler.info.oomeprotection" value="yes" />
    <property name="java.vm.specification.name" value="Java Virtual Machine Specification" />
    <property name="nb.show.statistics.ui" value="usageStatisticsEnabled" />
    <property name="netbeans.autoupdate.variant" value="" />
    <property name="have.tests" value="true" />
    <property name="org.xml.sax.driver" value="com.sun.org.apache.xerces.internal.jaxp.SAXParserImpl$JAXPSAXParser" />
    <property name="libs.javac-api.javadoc" value="" />
    <property name="os.name" value="Windows XP" />
    <property name="libs.beans-binding.classpath" value="C:\Program Files\NetBeans 7.1\java\modules\ext\beansbinding-1.2.1.jar" />
    <property name="ap.proc.none.internal" value="" />
    <property name="libs.JWSAntTasks.maven-pom" value="" />
    <property name="profiler.info.javaPlatform" value="default_platform" />
    <property name="profiler.settings.profilingpoints.enabled" value="true" />
    <property name="java.vendor.url.bug" value="http://bugreport.sun.com/bugreport/" />
    <property name="profiler.settings.instr.scheme" value="1" />
    <property name="libs.jaxb.maven-pom" value="" />
    <property name="profiler.info.project.dir" value="C:\Documents and Settings\User\My Documents\NetBeansProjects\MetroGenie" />
    <property name="os.arch" value="x86" />
    <property name="libs.eclipselink.src" value="" />
    <property name="user.name" value="User" />
    <property name="copylibs.rebase" value="true" />
    <property name="manifest.available+main.class" value="true" />
    <property name="libs.swing-layout.maven-pom" value="" />
    <property name="sun.java.command" value="org.apache.tools.ant.taskdefs.optional.junit.JUnitTestRunner ParcoursTest filtertrace=true haltOnError=false haltOnFailure=false showoutput=true outputtoformatters=true logfailedtests=true logtestlistenerevents=true formatter=org.apache.tools.ant.taskdefs.optional.junit.BriefJUnitResultFormatter formatter=org.apache.tools.ant.taskdefs.optional.junit.XMLJUnitResultFormatter,C:\Documents and Settings\User\My Documents\NetBeansProjects\MetroGenie\TEST-ParcoursTest.xml crashfile=C:\Documents and Settings\User\My Documents\NetBeansProjects\MetroGenie\junitvmwatcher5408666693375335980.properties propsfile=C:\Documents and Settings\User\My Documents\NetBeansProjects\MetroGenie\junit1441983316848711324.properties" />
    <property name="build.classes.dir" value="build/classes" />
    <property name="platforms.Default_JavaFX_Platform.home" value="C:\Program Files\Java\jdk1.7.0_03" />
    <property name="netbeans.accept_license_class" value="org.netbeans.license.AcceptLicense" />
    <property name="build.sysclasspath" value="ignore" />
    <property name="ap.supported.internal" value="true" />
    <property name="libs.jaxws21.javadoc" value="C:\Program Files\NetBeans 7.1\java\docs\jaxws-api-doc.zip" />
    <property name="includes" value="**" />
    <property name="ant.file.metro" value="C:\Documents and Settings\User\My Documents\NetBeansProjects\MetroGenie\build.xml" />
    <property name="user.country" value="US" />
    <property name="manifest.file" value="manifest.mf" />
    <property name="javadoc.encoding" value="UTF-8" />
    <property name="javac.classpath" value="" />
    <property name="platforms.Default_JavaFX_Platform.javafx.javadoc" value="C:\Program Files\Oracle\JavaFX 2.0 SDK\docs" />
    <property name="debug-transport" value="dt_shmem" />
    <property name="netbeans.home" value="C:\Program Files\NetBeans 7.1\platform" />
    <property name="build.compiler.emacs" value="true" />
    <property name="libs.ejb3-persistence.src" value="" />
    <property name="java.endorsed.dirs" value="C:\Program Files\Java\jdk1.7.0_03\jre\lib\endorsed" />
    <property name="user.language.format" value="bg" />
    <property name="netbeans.dynamic.classpath" value="C:\Program Files\NetBeans 7.1\platform\core\core.jar;C:\Program Files\NetBeans 7.1\platform\core\org-openide-filesystems.jar;C:\Program Files\NetBeans 7.1\platform\core\locale\core_ja.jar;C:\Program Files\NetBeans 7.1\platform\core\locale\core_pt_BR.jar;C:\Program Files\NetBeans 7.1\platform\core\locale\core_ru.jar;C:\Program Files\NetBeans 7.1\platform\core\locale\core_zh_CN.jar;C:\Program Files\NetBeans 7.1\platform\core\locale\org-openide-filesystems_ja.jar;C:\Program Files\NetBeans 7.1\platform\core\locale\org-openide-filesystems_pt_BR.jar;C:\Program Files\NetBeans 7.1\platform\core\locale\org-openide-filesystems_ru.jar;C:\Program Files\NetBeans 7.1\platform\core\locale\org-openide-filesystems_zh_CN.jar;C:\Program Files\NetBeans 7.1\nb\core\org-netbeans-upgrader.jar;C:\Program Files\NetBeans 7.1\nb\core\locale\core_nb.jar;C:\Program Files\NetBeans 7.1\nb\core\locale\core_nb_ja.jar;C:\Program Files\NetBeans 7.1\nb\core\locale\core_nb_pt_BR.jar;C:\Program Files\NetBeans 7.1\nb\core\locale\core_nb_ru.jar;C:\Program Files\NetBeans 7.1\nb\core\locale\core_nb_zh_CN.jar;C:\Program Files\NetBeans 7.1\nb\core\locale\org-netbeans-upgrader_ja.jar;C:\Program Files\NetBeans 7.1\nb\core\locale\org-netbeans-upgrader_pt_BR.jar;C:\Program Files\NetBeans 7.1\nb\core\locale\org-netbeans-upgrader_ru.jar;C:\Program Files\NetBeans 7.1\nb\core\locale\org-netbeans-upgrader_zh_CN.jar" />
    <property name="profiler.settings.instrumentation.filter.selectedprofiler.simple.filter.type" value="2" />
    <property name="java.vm.specification.version" value="1.7" />
    <property name="netbeans.productversion" value="NetBeans IDE 7.1 (Build 201112071828)" />
    <property name="libs.hibernate-persistence.classpath" value="C:\Program Files\NetBeans 7.1\java\modules\ext\hibernate\antlr-2.7.6.jar;C:\Program Files\NetBeans 7.1\java\modules\ext\hibernate\asm.jar;C:\Program Files\NetBeans 7.1\java\modules\ext\hibernate\asm-attrs.jar;C:\Program Files\NetBeans 7.1\java\modules\ext\hibernate\cglib-2.1.3.jar;C:\Program Files\NetBeans 7.1\java\modules\ext\hibernate\commons-collections-2.1.1.jar;C:\Program Files\NetBeans 7.1\ide\modules\org-apache-commons-logging.jar;C:\Program Files\NetBeans 7.1\java\modules\ext\hibernate\dom4j-1.6.1.jar;C:\Program Files\NetBeans 7.1\java\modules\ext\hibernate\ehcache-1.2.3.jar;C:\Program Files\NetBeans 7.1\java\modules\ext\hibernate\jdbc2_0-stdext.jar;C:\Program Files\NetBeans 7.1\java\modules\ext\hibernate\jta.jar;C:\Program Files\NetBeans 7.1\java\modules\ext\hibernate\hibernate3.jar;C:\Program Files\NetBeans 7.1\java\modules\ext\hibernate\hibernate-tools.jar;C:\Program Files\NetBeans 7.1\java\modules\ext\hibernate\hibernate-annotations.jar;C:\Program Files\NetBeans 7.1\java\modules\ext\hibernate\hibernate-commons-annotations.jar;C:\Program Files\NetBeans 7.1\java\modules\ext\hibernate\hibernate-entitymanager.jar;C:\Program Files\NetBeans 7.1\java\modules\ext\hibernate\javassist.jar;C:\Program Files\NetBeans 7.1\java\modules\ext\hibernate\ejb3-persistence.jar" />
    <property name="libs.jaxws21.src" value="" />
    <property name="do.archive" value="true" />
    <property name="netbeans.autoupdate.language" value="en" />
    <property name="profiler.settings.override.jvm.args" value="" />
    <property name="java.vendor" value="Oracle Corporation" />
    <property name="jar.index.metainf" value="false" />
    <property name="javac.debug" value="true" />
    <property name="javadoc.splitindex" value="true" />
    <property name="file.separator" value="\" />
    <property name="javac.includesfile.binary" value="C:\Documents and Settings\User\My Documents\NetBeansProjects\MetroGenie\null389273498" />
    <property name="libs.junit_4.maven-pom" value="" />
    <property name="mkdist.disabled" value="false" />
    <property name="javac.test.processorpath" value=":build/classes:C:\Program Files\NetBeans 7.1\platform\modules\ext\junit-4.10.jar" />
    <property name="netbeans.buildnumber" value="201112071828" />
    <property name="libs.JWSAntTasks.javadoc" value="" />
    <property name="build.generated.sources.dir" value="build/generated-sources" />
    <property name="user.variant" value="" />
    <property name="libs.eclipselinkmodelgen.classpath" value="C:\Program Files\NetBeans 7.1\java\modules\ext\eclipselink\eclipselink-jpa-modelgen-2.3.0.jar" />
    <property name="sun.java.launcher" value="SUN_STANDARD" />
    <property name="libs.junit.classpath" value="C:\Program Files\NetBeans 7.1\java\modules\ext\junit-3.8.2.jar" />
    <property name="profiler.settings.obj.alloc.stack.sampling.interval" value="10" />
    <property name="libs.jaxb.javadoc" value="C:\Program Files\NetBeans 7.1\ide\docs\jaxb-api-doc.zip" />
    <property name="profiler.settings.cpu.quick.filterprofiler.filter.type" value="profiler.simple.filter" />
    <property name="org.openide.awt.SwingBrowserImpl.do-not-block-awt" value="false" />
    <property name="javac.includes.binary" value="C:\Documents and Settings\User\My Documents\NetBeansProjects\MetroGenie\build\test\classes\ParcoursTest.class" />
    <property name="ant.home" value="C:\Program Files\NetBeans 7.1\java\ant" />
    <property name="libs.junit_4.src" value="C:\Program Files\NetBeans 7.1\java\docs\junit-4.10-sources.jar" />
    <property name="libs.absolutelayout.maven-pom" value="" />
    <property name="ant.java.version" value="1.7" />
    <property name="java.library.path" value="C:\Program Files\Java\jdk1.7.0_03\bin;C:\WINDOWS\Sun\Java\bin;C:\WINDOWS\system32;C:\WINDOWS;C:\Sybase\ASE-15_0\jobscheduler\bin;C:\Sybase\ASE-15_0\dll;C:\Sybase\ASE-15_0\bin;C:\Sybase\DBISQL\bin;C:\Sybase\DataAccess\ADONET\dll;C:\Sybase\DataAccess\ODBC\dll;C:\Sybase\UAF-2_5\bin;C:\Sybase\OCS-15_0\lib3p;C:\Sybase\OCS-15_0\dll;C:\Sybase\OCS-15_0\bin;C:\WINDOWS\system32;C:\WINDOWS;C:\WINDOWS\System32\Wbem;C:\Program Files\QuickTime\QTSystem\;." />
    <property name="javadoc.author" value="false" />
    <property name="profiler.settings.run.gc.on.get.results.in.memory.profiling" value="true" />
    <property name="manifest.available+main.class-mkdist.available" value="true" />
    <property name="java.util.logging.config.class" value="org.netbeans.core.startup.TopLogging" />
    <property name="profiler.settings.instrumentation.filter.selectedprofiler.simple.filter.value" value="genielogiciel. ItineraireTest ParcoursTest MetroTest StationTest" />
    <property name="libs.PostgreSQLDriver.src" value="" />
    <property name="profiler.settings.cpu.sampling.frequency" value="10" />
    <property name="sun.arch.data.model" value="32" />
    <property name="profiler.session.jvm.args" value="" />
    <property name="basedir" value="C:\Documents and Settings\User\My Documents\NetBeansProjects\MetroGenie" />
    <property name="jar.compress" value="false" />
    <property name="path.separator" value=";" />
    <property name="ant.junit.enabletestlistenerevents" value="true" />
    <property name="sun.io.unicode.encoding" value="UnicodeLittle" />
    <property name="libs.jaxws21.classpath" value="C:\Program Files\NetBeans 7.1\ide\modules\ext\jaxb\jaxb-impl.jar;C:\Program Files\NetBeans 7.1\ide\modules\ext\jaxb\jaxb-xjc.jar;C:\Program Files\NetBeans 7.1\java\modules\ext\jaxws22\FastInfoset.jar;C:\Program Files\NetBeans 7.1\java\modules\ext\jaxws22\gmbal-api-only.jar;C:\Program Files\NetBeans 7.1\java\modules\ext\jaxws22\http.jar;C:\Program Files\NetBeans 7.1\java\modules\ext\jaxws22\jaxws-rt.jar;C:\Program Files\NetBeans 7.1\java\modules\ext\jaxws22\jaxws-tools.jar;C:\Program Files\NetBeans 7.1\java\modules\ext\jaxws22\management-api.jar;C:\Program Files\NetBeans 7.1\java\modules\ext\jaxws22\mimepull.jar;C:\Program Files\NetBeans 7.1\java\modules\ext\jaxws22\policy.jar;C:\Program Files\NetBeans 7.1\java\modules\ext\jaxws22\saaj-impl.jar;C:\Program Files\NetBeans 7.1\java\modules\ext\jaxws22\stax-ex.jar;C:\Program Files\NetBeans 7.1\java\modules\ext\jaxws22\streambuffer.jar;C:\Program Files\NetBeans 7.1\java\modules\ext\jaxws22\woodstox.jar;C:\Program Files\NetBeans 7.1\java\modules\ext\jaxws22\api\jaxws-api.jar;C:\Program Files\NetBeans 7.1\java\modules\ext\jaxws22\api\jsr181-api.jar;C:\Program Files\NetBeans 7.1\java\modules\ext\jaxws22\api\jsr250-api.jar;C:\Program Files\NetBeans 7.1\java\modules\ext\jaxws22\api\saaj-api.jar;C:\Program Files\NetBeans 7.1\ide\modules\ext\jaxb\activation.jar;C:\Program Files\NetBeans 7.1\ide\modules\ext\jaxb\api\jaxb-api.jar;C:\Program Files\NetBeans 7.1\ide\modules\ext\jaxb\api\jsr173_api.jar" />
    <property name="compile.on.save" value="true" />
    <property name="apple.awt.graphics.UseQuartz" value="true" />
    <property name="user.language" value="en" />
    <property name="libs.JAXB-ENDORSED.maven-pom" value="" />
    <property name="libs.spring-framework.classpath" value="C:\Program Files\NetBeans 7.1\ide\modules\org-apache-commons-logging.jar;C:\Program Files\NetBeans 7.1\java\modules\ext\cglib-2.2.jar;C:\Program Files\NetBeans 7.1\java\modules\ext\spring\spring-2.5.6.SEC01.jar" />
    <property name="profiler.settings.instrumentation.filter.selectedprofiler.filter.type" value="profiler.simple.filter" />
    <property name="libs.eclipselink.maven-pom" value="" />
    <property name="profiler.info.oomeprotection.dumppath" value="C:\Documents and Settings\User\My Documents\NetBeansProjects\MetroGenie\nbproject\private\profiler" />
    <property name="profiler.settings.thread.cpu.timer.on" value="true" />
    <property name="manifest.available" value="true" />
    <property name="libs.spring-framework300.maven-pom" value="" />
    <property name="run.test.classpath" value=":build/classes:C:\Program Files\NetBeans 7.1\platform\modules\ext\junit-4.10.jar:build/test/classes" />
    <property name="ant.project.invoked-targets" value="profile-test-single" />
    <property name="libs.swing-layout.javadoc" value="C:\Program Files\NetBeans 7.1\platform\docs\swing-layout-1.0.4-doc.zip" />
    <property name="libs.ejb3-persistence.maven-pom" value="" />
    <property name="libs.PostgreSQLDriver.maven-pom" value="" />
    <property name="java.class.version" value="51.0" />
    <property name="profiler.settings.instrumentation.root.methods.size" value="0" />
    <property name="netbeans.system_http_proxy" value="DIRECT" />
    <property name="libs.eclipselink.javadoc" value="" />
    <property name="user.properties.file" value="C:\Documents and Settings\User\.netbeans\7.1\build.properties" />
    <property name="profiler.settings.instrumentation.marker.methods.size" value="0" />
    <property name="runtime.encoding" value="UTF-8" />
    <property name="libs.spring-framework.src" value="" />
    <property name="libs.javac-api.maven-pom" value="" />
    <property name="file.encoding.pkg" value="sun.io" />
    <property name="sun.cpu.endian" value="little" />
    <property name="libs.JAXB-ENDORSED.javadoc" value="" />
    <property name="libs.JWSAntTasks.classpath" value="C:\Program Files\NetBeans 7.1\java\ant\extra\org-netbeans-modules-javawebstart-anttasks.jar" />
    <property name="libs.spring-framework300.src" value="" />
    <property name="empty.dir" value="C:\Documents and Settings\User\My Documents\NetBeansProjects\MetroGenie\build\empty" />
    <property name="version-output" value="java version &quot;1.7" />
    <property name="javadoc.preview" value="true" />
    <property name="java.home" value="C:\Program Files\Java\jdk1.7.0_03\jre" />
    <property name="debug.test.classpath" value=":build/classes:C:\Program Files\NetBeans 7.1\platform\modules\ext\junit-4.10.jar:build/test/classes" />
    <property name="netbeans.importclass" value="org.netbeans.upgrade.AutoUpgrade" />
    <property name="ant.project.default-target" value="default" />
    <property name="annotation.processing.run.all.processors" value="true" />
    <property name="libs.toplink.maven-pom" value="" />
    <property name="libs.PostgreSQLDriver.javadoc" value="" />
    <property name="profiler.settings.instrumentation.filter.selectedprofiler.simple.filter.name" value="Profile only project classes" />
    <property name="libs.MySQLDriver.maven-pom" value="" />
    <property name="libs.junit_4.javadoc" value="C:\Program Files\NetBeans 7.1\java\docs\junit-4.10-javadoc.jar" />
    <property name="libs.toplink.src" value="" />
    <property name="profiler.settigns.ispreset" value="true" />
    <property name="profile.class" value="ParcoursTest" />
    <property name="run.classpath" value=":build/classes" />
    <property name="libs.hibernate-support.src" value="" />
    <property name="profiler.settings.cpu.exclude.wait.time" value="true" />
    <property name="profiler.settings.override" value="false" />
    <property name="annotation.processing.enabled.in.editor" value="false" />
    <property name="profiler.settings.cpu.quick.filterprofiler.simple.filter.type" value="1" />
    <property name="profiler.session.args" value="" />
    <property name="sun.management.compiler" value="HotSpot Client Compiler" />
    <property name="javac.deprecation" value="false" />
    <property name="javadoc.use" value="true" />
    <property name="sun.java2d.noddraw" value="true" />
    <property name="javac.processorpath" value="" />
    <property name="ant.file.type.metro-impl" value="file" />
    <property name="javac.compilerargs" value="" />
    <property name="ant.file" value="C:\Documents and Settings\User\My Documents\NetBeansProjects\MetroGenie\build.xml" />
    <property name="libs.beans-binding.maven-pom" value="" />
    <property name="libs.beans-binding.src" value="" />
    <property name="java.vm.specification.vendor" value="Oracle Corporation" />
    <property name="libs.swing-layout.src" value="C:\Program Files\NetBeans 7.1\platform\docs\swing-layout-1.0.4-src.zip" />
    <property name="org.openide.major.version" value="IDE/1" />
    <property name="java.vm.name" value="Java HotSpot(TM) Client VM" />
    <property name="platforms.Default_JavaFX_Platform.compiler" value="modern" />
    <property name="netbeans.user" value="C:\Documents and Settings\User\.netbeans\7.1" />
    <property name="javadoc.additionalparam" value="" />
    <property name="profiler.session.java.architecture" value="32" />
    <property name="java.io.tmpdir" value="C:\DOCUME~1\User\LOCALS~1\Temp\" />
    <property name="java.vendor.url" value="http://java.oracle.com/" />
    <property name="endorsed.classpath.cmd.line.arg" value="-Xbootclasspath/p:&apos;C:\Documents and Settings\User\My Documents\NetBeansProjects\MetroGenie\${endorsed.classpath}&apos;" />
    <property name="profiler.settings.instrument.spawned.threads" value="false" />
    <property name="org.openide.awt.ActionReference.completion" value="org.netbeans.modules.apisupport.project.layers.PathCompletions" />
    <property name="sun.boot.library.path" value="C:\Program Files\Java\jdk1.7.0_03\jre\bin" />
    <property name="have.sources" value="true" />
    <property name="debug.classpath" value=":build/classes" />
    <property name="ant.file.type.metro" value="file" />
    <property name="javadoc.private" value="false" />
    <property name="test.src.dir" value="test" />
    <property name="ap.processors.internal" value="" />
    <property name="meta.inf.dir" value="src/META-INF" />
    <property name="javadoc.encoding.used" value="UTF-8" />
    <property name="dist.jar" value="dist/metro.jar" />
    <property name="profiler.settings.code.region.cpu.res.buf.size" value="1000" />
    <property name="netbeans.automatic.build" value="true" />
    <property name="java.runtime.name" value="Java(TM) SE Runtime Environment" />
    <property name="profiler.info.jvmargs" value=" -XX:+HeapDumpOnOutOfMemoryError -XX:HeapDumpPath=&quot;C:\Documents and Settings\User\My Documents\NetBeansProjects\MetroGenie\nbproject\private\profiler&quot; " />
    <property name="ant.project.name" value="metro" />
    <property name="netbeans.hash.code" value="unique=NB_JAVA0856d6dd9-bf37-4395-b1cf-ae2d76042271_978c2826-1c25-4ce7-8c3c-bf187e4a2670" />
    <property name="manifest.available-mkdist.available" value="true" />
    <property name="sun.cpu.isalist" value="pentium_pro+mmx pentium_pro pentium+mmx pentium i486 i386 i86" />
    <property name="libs.CopyLibs.javadoc" value="" />
    <property name="profiler.settings.n.profiled.threads.limit" value="32" />
    <property name="org.openide.specification.version" value="6.2" />
    <property name="libs.hibernate-support.classpath" value="C:\Program Files\NetBeans 7.1\java\modules\ext\hibernate\antlr-2.7.6.jar;C:\Program Files\NetBeans 7.1\java\modules\ext\hibernate\asm.jar;C:\Program Files\NetBeans 7.1\java\modules\ext\hibernate\asm-attrs.jar;C:\Program Files\NetBeans 7.1\java\modules\ext\hibernate\cglib-2.1.3.jar;C:\Program Files\NetBeans 7.1\java\modules\ext\hibernate\commons-collections-2.1.1.jar;C:\Program Files\NetBeans 7.1\ide\modules\org-apache-commons-logging.jar;C:\Program Files\NetBeans 7.1\java\modules\ext\hibernate\dom4j-1.6.1.jar;C:\Program Files\NetBeans 7.1\java\modules\ext\hibernate\ehcache-1.2.3.jar;C:\Program Files\NetBeans 7.1\java\modules\ext\hibernate\jdbc2_0-stdext.jar;C:\Program Files\NetBeans 7.1\java\modules\ext\hibernate\jta.jar;C:\Program Files\NetBeans 7.1\java\modules\ext\hibernate\hibernate3.jar;C:\Program Files\NetBeans 7.1\java\modules\ext\hibernate\hibernate-tools.jar;C:\Program Files\NetBeans 7.1\java\modules\ext\hibernate\hibernate-annotations.jar;C:\Program Files\NetBeans 7.1\java\modules\ext\hibernate\hibernate-commons-annotations.jar;C:\Program Files\NetBeans 7.1\java\modules\ext\hibernate\hibernate-entitymanager.jar;C:\Program Files\NetBeans 7.1\java\modules\ext\hibernate\javassist.jar" />
    <property name="user.home" value="C:\Documents and Settings\User" />
    <property name="annotation.processing.processors.list" value="" />
    <property name="debug-args-line" value="-Xdebug" />
    <property name="libs.JWSAntTasks.src" value="" />
    <property name="jar.index" value="false" />
    <property name="libs.CopyLibs.maven-pom" value="" />
    <property name="libs.spring-framework300.javadoc" value="" />
    <property name="libs.hibernate-persistence.maven-pom" value="" />
    <property name="libs.absolutelayout.javadoc" value="" />
    <property name="java.specification.name" value="Java Platform API Specification" />
    <property name="do.archive+main.class.available" value="true" />
    <property name="profiler.settings.threads.monitoring.enabled" value="false" />
    <property name="java.specification.vendor" value="Oracle Corporation" />
    <property name="libs.javac-api.classpath" value="C:\Program Files\NetBeans 7.1\java\modules\ext\javac-api-nb-7.0-b07.jar" />
    <property name="platforms.Default_JavaFX_Platform.javafx.runtime.home" value="C:\Program Files\Oracle\JavaFX 2.0 Runtime" />
    <property name="java.version" value="1.7.0_03" />
    <property name="javadoc.version" value="false" />
    <property name="libs.MySQLDriver.javadoc" value="" />
    <property name="org.openide.version" value="deprecated" />
    <property name="source.encoding" value="UTF-8" />
    <property name="ap.cmd.line.internal" value="" />
    <property name="libs.eclipselinkmodelgen.maven-pom" value="" />
    <property name="libs.junit.maven-pom" value="" />
    <property name="libs.eclipselinkmodelgen.javadoc" value="" />
    <property name="netbeans.home+have.tests" value="true" />
    <property name="profiler.info.jvm" value="C:\Program Files\Java\jdk1.7.0_03\bin\java.exe" />
    <property name="annotation.processing.processor.options" value="" />
    <property name="libs.jaxb.src" value="" />
    <property name="work.dir" value="C:\Documents and Settings\User\My Documents\NetBeansProjects\MetroGenie" />
    <property name="libs.jaxb.classpath" value="C:\Program Files\NetBeans 7.1\ide\modules\ext\jaxb\jaxb-impl.jar;C:\Program Files\NetBeans 7.1\ide\modules\ext\jaxb\jaxb-xjc.jar;C:\Program Files\NetBeans 7.1\ide\modules\ext\jaxb\jaxb1-impl.jar;C:\Program Files\NetBeans 7.1\ide\modules\ext\jaxb\activation.jar;C:\Program Files\NetBeans 7.1\ide\modules\ext\jaxb\api\jaxb-api.jar;C:\Program Files\NetBeans 7.1\ide\modules\ext\jaxb\api\jsr173_api.jar" />
    <property name="do.depend" value="false" />
    <property name="dist.javadoc.dir" value="dist/javadoc" />
    <property name="libs.swing-layout.classpath" value="C:\Program Files\NetBeans 7.1\platform\modules\ext\swing-layout-1.0.4.jar" />
    <property name="build.generated.dir" value="build/generated" />
    <property name="javac.source" value="1.7" />
    <property name="profiler.info.dir" value="C:\Documents and Settings\User\My Documents\NetBeansProjects\MetroGenie" />
    <property name="libs.hibernate-persistence.src" value="" />
    <property name="line.separator" value="&#xd;&#xa;" />
    <property name="profiler.session.working.dir" value="C:\Program Files\NetBeans 7.1" />
    <property name="java.specification.version" value="1.7" />
    <property name="profiler.settings.cpu.quick.filterprofiler.simple.filter.name" value="Quick filter..." />
    <property name="libs.jaxws21.maven-pom" value="" />
    <property name="java.vm.info" value="mixed mode" />
    <property name="user.country.format" value="BG" />
    <property name="libs.spring-framework.maven-pom" value="" />
    <property name="sun.boot.class.path" value="C:\Program Files\Java\jdk1.7.0_03\jre\lib\resources.jar;C:\Program Files\Java\jdk1.7.0_03\jre\lib\rt.jar;C:\Program Files\Java\jdk1.7.0_03\jre\lib\sunrsasign.jar;C:\Program Files\Java\jdk1.7.0_03\jre\lib\jsse.jar;C:\Program Files\Java\jdk1.7.0_03\jre\lib\jce.jar;C:\Program Files\Java\jdk1.7.0_03\jre\lib\charsets.jar;C:\Program Files\Java\jdk1.7.0_03\jre\classes;C:\Program Files\NetBeans 7.1\profiler\lib/jfluid-server.jar;C:\Program Files\NetBeans 7.1\profiler\lib/jfluid-server-15.jar" />
    <property name="javac.target" value="1.7" />
    <property name="built-jar.properties" value="C:\Documents and Settings\User\My Documents\NetBeansProjects\MetroGenie\build\built-jar.properties" />
    <property name="build.test.classes.dir" value="build/test/classes" />
    <property name="src.dir" value="src" />
    <property name="platforms.Default_JavaFX_Platform.bootclasspath" value="C:\Program Files\Java\jdk1.7.0_03\jre\lib\resources.jar;C:\Program Files\Java\jdk1.7.0_03\jre\lib\rt.jar;C:\Program Files\Java\jdk1.7.0_03\jre\lib\sunrsasign.jar;C:\Program Files\Java\jdk1.7.0_03\jre\lib\jsse.jar;C:\Program Files\Java\jdk1.7.0_03\jre\lib\jce.jar;C:\Program Files\Java\jdk1.7.0_03\jre\lib\charsets.jar;C:\Program Files\Java\jdk1.7.0_03\jre\classes;C:\Program Files\Java\jdk1.7.0_03\jre\lib\ext\dnsns.jar;C:\Program Files\Java\jdk1.7.0_03\jre\lib\ext\localedata.jar;C:\Program Files\Java\jdk1.7.0_03\jre\lib\ext\sunec.jar;C:\Program Files\Java\jdk1.7.0_03\jre\lib\ext\sunjce_provider.jar;C:\Program Files\Java\jdk1.7.0_03\jre\lib\ext\sunmscapi.jar;C:\Program Files\Java\jdk1.7.0_03\jre\lib\ext\sunpkcs11.jar;C:\Program Files\Java\jdk1.7.0_03\jre\lib\ext\zipfs.jar" />
    <property name="annotation.processing.enabled" value="true" />
    <property name="sun.awt.keepWorkingSetOnMinimize" value="true" />
    <property name="profiler.settings.instrument.method.invoke" value="true" />
    <property name="profiler.settings.override.working.dir" value="" />
    <property name="dist.dir" value="dist" />
    <property name="profiler.settings.istrument.getter.setter.methods" value="false" />
    <property name="do.archive+manifest.available+main.class" value="true" />
    <property name="profiler.session.class.name" value="genielogiciel.Main" />
    <property name="profiler.settings.profile.underlying.framework" value="false" />
    <property name="javac.fork" value="false" />
    <property name="java.awt.printerjob" value="sun.awt.windows.WPrinterJob" />
    <property name="profiler.session.java.version" value="jdk17" />
    <property name="default.javac.source" value="1.7" />
    <property name="debug-transport-by-os" value="dt_shmem" />
    <property name="libs.MySQLDriver.src" value="" />
    <property name="sun.jnu.encoding" value="Cp1251" />
    <property name="profiler.settings.obj.alloc.stack.sampling.depth" value="0" />
    <property name="java.runtime.version" value="1.7.0_03-b05" />
    <property name="build.test.results.dir" value="build/test/results" />
    <property name="libs.ejb3-persistence.javadoc" value="" />
    <property name="manifest.available+main.class+mkdist.available" value="true" />
    <property name="profiler.session.class.path" value=":build/classes" />
    <property name="default.javac.target" value="1.7" />
    <property name="libs.junit_4.classpath" value="C:\Program Files\NetBeans 7.1\platform\modules\ext\junit-4.10.jar" />
    <property name="user.timezone" value="Europe/Belgrade" />
    <property name="netbeans.dirs" value="C:\Program Files\NetBeans 7.1\nb;C:\Program Files\NetBeans 7.1\ergonomics;C:\Program Files\NetBeans 7.1\ide;C:\Program Files\NetBeans 7.1\java;C:\Program Files\NetBeans 7.1\apisupport;C:\Program Files\NetBeans 7.1\webcommon;C:\Program Files\NetBeans 7.1\websvccommon;C:\Program Files\NetBeans 7.1\enterprise;C:\Program Files\NetBeans 7.1\mobility;C:\Program Files\NetBeans 7.1\profiler;C:\Program Files\NetBeans 7.1\python;C:\Program Files\NetBeans 7.1\php;C:\Program Files\NetBeans 7.1\identity;C:\Program Files\NetBeans 7.1\harness;C:\Program Files\NetBeans 7.1\cnd;C:\Program Files\NetBeans 7.1\dlight;C:\Program Files\NetBeans 7.1\groovy;C:\Program Files\NetBeans 7.1\extra;C:\Program Files\NetBeans 7.1\javacard;C:\Program Files\NetBeans 7.1\javafx" />
    <property name="platforms.Default_JavaFX_Platform.javafx.sdk.home" value="C:\Program Files\Oracle\JavaFX 2.0 SDK" />
    <property name="java.ext.dirs" value="C:\Program Files\Java\jdk1.7.0_03\jre\lib\ext;C:\WINDOWS\Sun\Java\lib\ext" />
    <property name="libs.absolutelayout.classpath" value="C:\Program Files\NetBeans 7.1\java\modules\ext\AbsoluteLayout.jar" />
    <property name="excludes" value="" />
    <property name="java.class.path" value="C:\Documents and Settings\User\My Documents\NetBeansProjects\MetroGenie\build\classes;C:\Program Files\NetBeans 7.1\platform\modules\ext\junit-4.10.jar;C:\Documents and Settings\User\My Documents\NetBeansProjects\MetroGenie\build\test\classes;C:\Documents and Settings\User\My Documents\NetBeansProjects\MetroGenie;C:\Program Files\Java\jre6\lib\ext\QTJava.zip;C:\Program Files\NetBeans 7.1\java\ant\lib\ant-launcher.jar;C:\Program Files\NetBeans 7.1\java\ant\lib\ant.jar;C:\Program Files\NetBeans 7.1\java\ant\lib\ant-junit.jar;C:\Program Files\NetBeans 7.1\java\ant\lib\ant-junit4.jar" />
    <property name="apple.laf.useScreenMenuBar" value="true" />
    <property name="do.mkdist" value="true" />
    <property name="libs.absolutelayout.src" value="" />
    <property name="profiler.settings.instrument.empty.methods" value="false" />
    <property name="os.version" value="5.1" />
    <property name="application.args" value="" />
    <property name="profiler.settings.threads.sampling.enabled" value="true" />
    <property name="main.class.available" value="true" />
    <property name="sun.awt.enableExtraMouseButtons" value="true" />
    <property name="profiler.session.java.executable" value="C:\Program Files\Java\jdk1.7.0_03\bin\java.exe" />
    <property name="libs.toplink.javadoc" value="" />
    <property name="sun.desktop" value="windows" />
    <property name="libs.JAXB-ENDORSED.classpath" value="C:\Program Files\NetBeans 7.1\ide\modules\ext\jaxb\api\jaxb-api.jar" />
    <property name="libs.eclipselink.classpath" value="C:\Program Files\NetBeans 7.1\java\modules\ext\eclipselink\eclipselink-2.3.0.jar;C:\Program Files\NetBeans 7.1\java\modules\ext\eclipselink\javax.persistence-2.0.jar;C:\Program Files\NetBeans 7.1\java\modules\ext\eclipselink\org.eclipse.persistence.jpa.jpql_1.0.0.jar" />
    <property name="profiler.settings.settings.name" value="Analyze Performance" />
    <property name="libs.beans-binding.javadoc" value="C:\Program Files\NetBeans 7.1\java\docs\beansbinding-1.2.1-doc.zip" />
    <property name="java.awt.graphicsenv" value="sun.awt.Win32GraphicsEnvironment" />
    <property name="profiler.info.jvmargs.agent" value="-agentpath:C:/Program Files/NetBeans 7.1/profiler/lib/deployed/jdk16/windows/profilerinterface.dll=C:\Program Files\NetBeans 7.1\profiler\lib,5140,10" />
    <property name="java.vm.vendor" value="Oracle Corporation" />
    <property name="libs.CopyLibs.classpath" value="C:\Program Files\NetBeans 7.1\java\ant\extra\org-netbeans-modules-java-j2seproject-copylibstask.jar" />
    <property name="libs.spring-framework300.classpath" value="C:\Program Files\NetBeans 7.1\ide\modules\org-apache-commons-logging.jar;C:\Program Files\NetBeans 7.1\java\modules\ext\cglib-2.2.jar;C:\Program Files\NetBeans 7.1\java\modules\ext\spring-3.0\spring-aop-3.0.6.RELEASE.jar;C:\Program Files\NetBeans 7.1\java\modules\ext\spring-3.0\spring-asm-3.0.6.RELEASE.jar;C:\Program Files\NetBeans 7.1\java\modules\ext\spring-3.0\spring-aspects-3.0.6.RELEASE.jar;C:\Program Files\NetBeans 7.1\java\modules\ext\spring-3.0\spring-beans-3.0.6.RELEASE.jar;C:\Program Files\NetBeans 7.1\java\modules\ext\spring-3.0\spring-context-3.0.6.RELEASE.jar;C:\Program Files\NetBeans 7.1\java\modules\ext\spring-3.0\spring-context-support-3.0.6.RELEASE.jar;C:\Program Files\NetBeans 7.1\java\modules\ext\spring-3.0\spring-core-3.0.6.RELEASE.jar;C:\Program Files\NetBeans 7.1\java\modules\ext\spring-3.0\spring-expression-3.0.6.RELEASE.jar;C:\Program Files\NetBeans 7.1\java\modules\ext\spring-3.0\spring-instrument-3.0.6.RELEASE.jar;C:\Program Files\NetBeans 7.1\java\modules\ext\spring-3.0\spring-instrument-tomcat-3.0.6.RELEASE.jar;C:\Program Files\NetBeans 7.1\java\modules\ext\spring-3.0\spring-jdbc-3.0.6.RELEASE.jar;C:\Program Files\NetBeans 7.1\java\modules\ext\spring-3.0\spring-jms-3.0.6.RELEASE.jar;C:\Program Files\NetBeans 7.1\java\modules\ext\spring-3.0\spring-orm-3.0.6.RELEASE.jar;C:\Program Files\NetBeans 7.1\java\modules\ext\spring-3.0\spring-oxm-3.0.6.RELEASE.jar;C:\Program Files\NetBeans 7.1\java\modules\ext\spring-3.0\spring-test-3.0.6.RELEASE.jar;C:\Program Files\NetBeans 7.1\java\modules\ext\spring-3.0\spring-tx-3.0.6.RELEASE.jar;C:\Program Files\NetBeans 7.1\java\modules\ext\spring-3.0\spring-web-3.0.6.RELEASE.jar;C:\Program Files\NetBeans 7.1\java\modules\ext\spring-3.0\spring-webmvc-portlet-3.0.6.RELEASE.jar;C:\Program Files\NetBeans 7.1\java\modules\ext\spring-3.0\spring-webmvc-3.0.6.RELEASE.jar;C:\Program Files\NetBeans 7.1\java\modules\ext\spring-3.0\spring-struts-3.0.6.RELEASE.jar" />
    <property name="run.jvmargs" value="" />
    <property name="libs.ejb3-persistence.classpath" value="C:\Program Files\NetBeans 7.1\java\modules\ext\hibernate\ejb3-persistence.jar" />
    <property name="libs.JAXB-ENDORSED.src" value="" />
    <property name="libs.spring-framework.javadoc" value="" />
    <property name="user.script" value="" />
    <property name="libs.PostgreSQLDriver.classpath" value="C:\Program Files\NetBeans 7.1\ide\modules\ext\postgresql-8.3-603.jdbc3.jar" />
    <property name="libs.junit.src" value="" />
    <property name="ant.file.metro-impl" value="C:\Documents and Settings\User\My Documents\NetBeansProjects\MetroGenie\nbproject\build-impl.xml" />
    <property name="annotation.processing.source.output" value="build/generated-sources/ap-source-output" />
    <property name="main.class" value="genielogiciel.Main" />
    <property name="build.dir" value="build" />
    <property name="libs.CopyLibs.src" value="" />
    <property name="ant.version" value="Apache Ant(TM) version 1.8.2 compiled on December 20 2010" />
    <property name="file.encoding" value="Cp1251" />
    <property name="build.classes.excludes" value="**/*.java,**/*.form" />
    <property name="jdkBug6558476" value="false" />
    <property name="javadoc.nonavbar" value="false" />
    <property name="platform.active" value="default_platform" />
    <property name="profiler.settings.cpu.profiling.type" value="2" />
    <property name="awt.toolkit" value="sun.awt.windows.WToolkit" />
  </properties>
  <testcase classname="ParcoursTest" name="testdijkstraParPoint" time="0.0" />
  <system-out><![CDATA[]]></system-out>
  <system-err><![CDATA[]]></system-err>
</testsuite>
